#! /usr/local/iverilog/bin/vvp
:ivl_version "11.0 (devel)" "(s20150603-642-g3bdb50da)";
:ivl_delay_selection "TYPICAL";
:vpi_time_precision + 0;
:vpi_module "system";
:vpi_module "vhdl_sys";
:vpi_module "vhdl_textio";
:vpi_module "v2005_math";
:vpi_module "va_math";
S_000000000100d8b0 .scope module, "practice" "practice" 2 1;
 .timescale 0 0;
    .port_info 0 /INPUT 2 "lastdifficuty";
    .port_info 1 /OUTPUT 8 "seg7Out";
    .port_info 2 /OUTPUT 4 "lighting";
    .port_info 3 /OUTPUT 1 "endEnable";
    .port_info 4 /INPUT 1 "clk";
    .port_info 5 /INPUT 4 "change";
    .port_info 6 /INPUT 3 "buttom";
    .port_info 7 /INPUT 1 "enable";
    .port_info 8 /OUTPUT 2 "nextdifficulty";
    .port_info 9 /OUTPUT 1 "max";
    .port_info 10 /OUTPUT 1 "clk_out";
P_0000000001022ba0 .param/l "APPLY" 0 2 9, C4<01>;
P_0000000001022bd8 .param/l "END" 0 2 9, C4<11>;
P_0000000001022c10 .param/l "ENDSHOW" 0 2 11, +C4<00000000000000000000000011111101>;
P_0000000001022c48 .param/l "GOOD" 0 2 9, C4<10>;
P_0000000001022c80 .param/l "GOODSHOW" 0 2 10, +C4<00000000000000000000000011111111>;
P_0000000001022cb8 .param/l "LIGHT" 0 2 9, C4<00>;
P_0000000001022cf0 .param/l "counter_max" 0 2 12, +C4<00000000000000000000001111101000>;
P_0000000001022d28 .param/l "lightMax" 0 2 13, +C4<00000000000000000000000000000111>;
o000000000105ff88 .functor BUFZ 3, C4<zzz>; HiZ drive
v0000000001022e30_0 .net "buttom", 2 0, o000000000105ff88;  0 drivers
o000000000105ffb8 .functor BUFZ 4, C4<zzzz>; HiZ drive
v000000000100b920_0 .net "change", 3 0, o000000000105ffb8;  0 drivers
o000000000105ffe8 .functor BUFZ 1, C4<z>; HiZ drive
v0000000001022ed0_0 .net "clk", 0 0, o000000000105ffe8;  0 drivers
v0000000001053900_0 .var "clk_out", 0 0;
v00000000010539a0_0 .var "counter", 9 0;
v0000000001053a40_0 .var "difficulty", 1 0;
o00000000010600a8 .functor BUFZ 1, C4<z>; HiZ drive
v0000000001053ae0_0 .net "enable", 0 0, o00000000010600a8;  0 drivers
v0000000001053b80_0 .var "endEnable", 0 0;
o0000000001060108 .functor BUFZ 2, C4<zz>; HiZ drive
v00000000010abec0_0 .net "lastdifficuty", 1 0, o0000000001060108;  0 drivers
v00000000010ab740_0 .var "level", 7 0;
v00000000010ab1a0_0 .var "lightIndex", 2 0;
v00000000010abc40_0 .var "lighting", 3 0;
v00000000010abce0 .array "lightsBin", 0 6, 3 0;
v00000000010ab100_0 .var "max", 0 0;
v00000000010ab060_0 .var "nextdifficulty", 1 0;
v00000000010abd80_0 .var "seg7Out", 7 0;
v00000000010abe20_0 .var "state", 1 0;
E_0000000001046c50 .event posedge, v0000000001022ed0_0;
    .scope S_000000000100d8b0;
T_0 ;
    %wait E_0000000001046c50;
    %load/vec4 v0000000001022e30_0;
    %parti/s 1, 0, 2;
    %flag_set/vec4 8;
    %jmp/0xz  T_0.0, 8;
    %pushi/vec4 0, 0, 1;
    %assign/vec4 v0000000001053900_0, 0;
    %pushi/vec4 1000, 0, 10;
    %assign/vec4 v00000000010539a0_0, 0;
    %pushi/vec4 1, 0, 8;
    %assign/vec4 v00000000010ab740_0, 0;
    %load/vec4 v00000000010ab740_0;
    %assign/vec4 v00000000010abd80_0, 0;
    %pushi/vec4 0, 0, 1;
    %cassign/vec4 v0000000001053b80_0;
    %pushi/vec4 0, 0, 3;
    %assign/vec4 v00000000010ab1a0_0, 0;
T_0.0 ;
    %load/vec4 v00000000010539a0_0;
    %pad/u 32;
    %cmpi/e 0, 0, 32;
    %jmp/0xz  T_0.2, 4;
    %pushi/vec4 1000, 0, 10;
    %assign/vec4 v00000000010539a0_0, 0;
    %load/vec4 v0000000001053900_0;
    %inv;
    %assign/vec4 v0000000001053900_0, 0;
    %load/vec4 v00000000010abe20_0;
    %dup/vec4;
    %pushi/vec4 0, 0, 2;
    %cmp/u;
    %jmp/1 T_0.4, 6;
    %dup/vec4;
    %pushi/vec4 1, 0, 2;
    %cmp/u;
    %jmp/1 T_0.5, 6;
    %dup/vec4;
    %pushi/vec4 2, 0, 2;
    %cmp/u;
    %jmp/1 T_0.6, 6;
    %dup/vec4;
    %pushi/vec4 3, 0, 2;
    %cmp/u;
    %jmp/1 T_0.7, 6;
    %pushi/vec4 0, 0, 2;
    %assign/vec4 v00000000010abe20_0, 0;
    %jmp T_0.9;
T_0.4 ;
    %load/vec4 v00000000010abec0_0;
    %assign/vec4 v0000000001053a40_0, 0;
    %load/vec4 v0000000001053a40_0;
    %dup/vec4;
    %pushi/vec4 0, 0, 2;
    %cmp/u;
    %jmp/1 T_0.10, 6;
    %dup/vec4;
    %pushi/vec4 1, 0, 2;
    %cmp/u;
    %jmp/1 T_0.11, 6;
    %dup/vec4;
    %pushi/vec4 2, 0, 2;
    %cmp/u;
    %jmp/1 T_0.12, 6;
    %dup/vec4;
    %pushi/vec4 3, 0, 2;
    %cmp/u;
    %jmp/1 T_0.13, 6;
    %jmp T_0.14;
T_0.10 ;
    %pushi/vec4 0, 0, 1;
    %assign/vec4 v00000000010ab100_0, 0;
    %jmp T_0.14;
T_0.11 ;
    %pushi/vec4 0, 0, 1;
    %assign/vec4 v00000000010ab100_0, 0;
    %jmp T_0.14;
T_0.12 ;
    %pushi/vec4 0, 0, 1;
    %assign/vec4 v00000000010ab100_0, 0;
    %jmp T_0.14;
T_0.13 ;
    %pushi/vec4 0, 0, 1;
    %assign/vec4 v00000000010ab100_0, 0;
    %jmp T_0.14;
T_0.14 ;
    %pop/vec4 1;
    %vpi_func 2 47 "$random" 32 {0 0 0};
    %pushi/vec4 10, 0, 32;
    %mod/s;
    %pad/s 4;
    %load/vec4 v00000000010ab1a0_0;
    %pad/u 5;
    %ix/vec4 3;
    %ix/load 4, 0, 0; Constant delay
    %assign/vec4/a/d v00000000010abce0, 0, 4;
    %load/vec4 v00000000010ab1a0_0;
    %pad/u 5;
    %ix/vec4 4;
    %load/vec4a v00000000010abce0, 4;
    %assign/vec4 v00000000010abc40_0, 0;
    %load/vec4 v00000000010ab1a0_0;
    %addi 1, 0, 3;
    %assign/vec4 v00000000010ab1a0_0, 0;
    %load/vec4 v00000000010ab740_0;
    %assign/vec4 v00000000010abd80_0, 0;
    %load/vec4 v00000000010ab1a0_0;
    %pad/u 32;
    %cmpi/e 7, 0, 32;
    %jmp/0xz  T_0.15, 4;
    %pushi/vec4 0, 0, 3;
    %assign/vec4 v00000000010ab1a0_0, 0;
    %pushi/vec4 1, 0, 2;
    %assign/vec4 v00000000010abe20_0, 0;
T_0.15 ;
    %jmp T_0.9;
T_0.5 ;
    %load/vec4 v000000000100b920_0;
    %cmpi/ne 15, 0, 4;
    %jmp/0xz  T_0.17, 4;
    %load/vec4 v000000000100b920_0;
    %load/vec4 v00000000010ab1a0_0;
    %pad/u 5;
    %ix/vec4 4;
    %load/vec4a v00000000010abce0, 4;
    %cmp/e;
    %jmp/0xz  T_0.19, 4;
    %load/vec4 v00000000010ab1a0_0;
    %addi 1, 0, 3;
    %assign/vec4 v00000000010ab1a0_0, 0;
    %jmp T_0.20;
T_0.19 ;
    %pushi/vec4 3, 0, 2;
    %assign/vec4 v00000000010abe20_0, 0;
T_0.20 ;
T_0.17 ;
    %load/vec4 v00000000010ab1a0_0;
    %pad/u 32;
    %cmpi/e 7, 0, 32;
    %jmp/0xz  T_0.21, 4;
    %pushi/vec4 0, 0, 3;
    %assign/vec4 v00000000010ab1a0_0, 0;
    %pushi/vec4 2, 0, 2;
    %assign/vec4 v00000000010abe20_0, 0;
T_0.21 ;
    %jmp T_0.9;
T_0.6 ;
    %pushi/vec4 0, 0, 2;
    %assign/vec4 v00000000010abe20_0, 0;
    %load/vec4 v00000000010ab740_0;
    %addi 1, 0, 8;
    %assign/vec4 v00000000010ab740_0, 0;
    %pushi/vec4 255, 0, 8;
    %assign/vec4 v00000000010abd80_0, 0;
    %pushi/vec4 0, 0, 3;
    %assign/vec4 v00000000010ab1a0_0, 0;
    %load/vec4 v0000000001053a40_0;
    %addi 1, 0, 2;
    %assign/vec4 v0000000001053a40_0, 0;
    %load/vec4 v0000000001053a40_0;
    %assign/vec4 v00000000010ab060_0, 0;
    %jmp T_0.9;
T_0.7 ;
    %pushi/vec4 253, 0, 8;
    %assign/vec4 v00000000010abd80_0, 0;
    %pushi/vec4 1, 0, 1;
    %cassign/vec4 v0000000001053b80_0;
    %jmp T_0.9;
T_0.9 ;
    %pop/vec4 1;
    %jmp T_0.3;
T_0.2 ;
    %load/vec4 v00000000010539a0_0;
    %subi 1, 0, 10;
    %assign/vec4 v00000000010539a0_0, 0;
T_0.3 ;
    %jmp T_0;
    .thread T_0;
# The file index is used to find the file name in the following table.
:file_names 3;
    "N/A";
    "<interactive>";
    "practice.v";
